2023-12-11 21:57:42.475 [info] Extension host with pid 4716 started
2023-12-11 21:57:42.965 [info] ExtensionService#_doActivateExtension vscode.git-base, startup: true, activationEvent: '*', root cause: vscode.git
2023-12-11 21:57:43.343 [info] ExtensionService#_doActivateExtension vscode.git, startup: true, activationEvent: '*'
2023-12-11 21:57:44.067 [info] ExtensionService#_doActivateExtension vscode.github, startup: true, activationEvent: '*'
2023-12-11 21:57:44.568 [info] Eager extensions activated
2023-12-11 21:57:44.755 [info] ExtensionService#_doActivateExtension vscode.debug-auto-launch, startup: false, activationEvent: 'onStartupFinished'
2023-12-11 21:57:44.782 [info] ExtensionService#_doActivateExtension vscode.merge-conflict, startup: false, activationEvent: 'onStartupFinished'
2023-12-11 21:59:15.673 [info] Extension host terminating: renderer closed the MessagePort
2023-12-11 21:59:15.726 [info] Extension host with pid 4716 exiting with code 0
2023-12-11 21:59:20.623 [info] Extension host with pid 4839 started
2023-12-11 21:59:20.623 [info] Skipping acquiring lock for /opt/lampp/htdocs/DeadPoetsSociety/User/workspaceStorage/d36a7f7ecdb12a81b5cb918a519cd61e.
2023-12-11 21:59:20.951 [info] ExtensionService#_doActivateExtension vscode.git-base, startup: true, activationEvent: '*'
2023-12-11 21:59:21.168 [info] ExtensionService#_doActivateExtension vscode.github, startup: true, activationEvent: '*'
2023-12-11 21:59:21.286 [info] Eager extensions activated
2023-12-11 21:59:21.350 [info] ExtensionService#_doActivateExtension vscode.debug-auto-launch, startup: false, activationEvent: 'onStartupFinished'
2023-12-11 21:59:21.363 [info] ExtensionService#_doActivateExtension vscode.merge-conflict, startup: false, activationEvent: 'onStartupFinished'
2023-12-11 21:59:28.467 [info] ExtensionService#_doActivateExtension vscode.git, startup: false, activationEvent: 'api', root cause: vscode.github
2023-12-11 21:59:31.767 [info] ExtensionService#_doActivateExtension vscode.github-authentication, startup: false, activationEvent: 'onAuthenticationRequest:github'
2023-12-11 22:04:39.375 [info] ExtensionService#_doActivateExtension vscode.php-language-features, startup: false, activationEvent: 'onLanguage:php'
2023-12-11 22:04:39.532 [info] ExtensionService#_doActivateExtension vscode.emmet, startup: false, activationEvent: 'onLanguage'
