2023-12-11 21:57:38.154 [info] Added views:workbench.panel.markers.view in workbench.panel.markers
2023-12-11 21:57:38.154 [info] Added views:workbench.panel.output in workbench.panel.output
2023-12-11 21:57:38.154 [info] Added views:terminal in terminal
2023-12-11 21:57:38.154 [info] Added views:outline in workbench.view.explorer
2023-12-11 21:57:38.154 [info] Added views:workbench.scm in workbench.view.scm
2023-12-11 21:57:38.154 [info] Added views:workbench.view.search in workbench.view.search
2023-12-11 21:57:38.154 [info] Added views:timeline in workbench.view.explorer
2023-12-11 21:57:38.154 [info] Added views:workbench.explorer.emptyView in workbench.view.explorer
2023-12-11 21:57:42.228 [info] Added views:workbench.debug.variablesView,workbench.debug.watchExpressionsView,workbench.debug.callStackView,workbench.debug.breakPointsView in workbench.view.debug
2023-12-11 21:57:42.924 [info] Added views:workbench.panel.repl.view in workbench.panel.repl
2023-12-11 21:57:42.946 [info] Removed views:workbench.debug.breakPointsView,workbench.debug.callStackView,workbench.debug.watchExpressionsView,workbench.debug.variablesView from workbench.view.debug
2023-12-11 21:57:42.948 [info] Added views:workbench.debug.welcome in workbench.view.debug
2023-12-11 21:58:08.623 [info] Added views:~remote.forwardedPorts in ~remote.forwardedPortsContainer
2023-12-11 21:59:17.791 [info] Added views:workbench.panel.markers.view in workbench.panel.markers
2023-12-11 21:59:17.791 [info] Added views:workbench.panel.output in workbench.panel.output
2023-12-11 21:59:17.791 [info] Added views:terminal in terminal
2023-12-11 21:59:17.791 [info] Added views:outline in workbench.view.explorer
2023-12-11 21:59:17.791 [info] Added views:workbench.scm in workbench.view.scm
2023-12-11 21:59:17.791 [info] Added views:workbench.view.search in workbench.view.search
2023-12-11 21:59:17.791 [info] Added views:timeline in workbench.view.explorer
2023-12-11 21:59:17.791 [info] Added views:workbench.explorer.fileView in workbench.view.explorer
2023-12-11 21:59:20.675 [info] Added views:workbench.debug.variablesView,workbench.debug.watchExpressionsView,workbench.debug.callStackView,workbench.debug.breakPointsView in workbench.view.debug
2023-12-11 21:59:20.929 [info] Added views:workbench.panel.repl.view in workbench.panel.repl
2023-12-11 21:59:20.942 [info] Removed views:workbench.debug.breakPointsView,workbench.debug.callStackView,workbench.debug.watchExpressionsView,workbench.debug.variablesView from workbench.view.debug
2023-12-11 21:59:20.945 [info] Added views:workbench.debug.welcome in workbench.view.debug
2023-12-11 21:59:24.245 [info] Added views:~remote.forwardedPorts in ~remote.forwardedPortsContainer
