2023-12-11 21:57:44.587 [info] Log level: Info
2023-12-11 21:57:44.587 [info] Validating found git in: "git"
2023-12-11 21:57:44.587 [info] Using git "2.39.2" from "git"
2023-12-11 21:59:28.929 [info] Log level: Info
2023-12-11 21:59:28.941 [info] Validating found git in: "git"
2023-12-11 21:59:28.941 [info] Using git "2.39.2" from "git"
2023-12-11 21:59:28.941 [info] > git rev-parse --show-toplevel [88ms]
2023-12-11 21:59:28.971 [info] > git rev-parse --git-dir --git-common-dir [8ms]
2023-12-11 21:59:29.064 [info] Open repository: /opt/lampp/htdocs/DeadPoetsSociety
2023-12-11 21:59:29.235 [info] > git rev-parse --show-toplevel [59ms]
2023-12-11 21:59:29.310 [info] > git rev-parse --show-toplevel [54ms]
2023-12-11 21:59:29.313 [info] > git config --get commit.template [201ms]
2023-12-11 21:59:29.377 [info] > git rev-parse --show-toplevel [20ms]
2023-12-11 21:59:29.458 [info] > git rev-parse --show-toplevel [35ms]
2023-12-11 21:59:29.494 [info] > git for-each-ref --format=%(refname)%00%(upstream:short)%00%(objectname)%00%(upstream:track)%00%(upstream:remotename)%00%(upstream:remoteref) refs/heads/main refs/remotes/main [193ms]
2023-12-11 21:59:29.547 [info] > git rev-parse --show-toplevel [54ms]
2023-12-11 21:59:29.627 [info] > git rev-parse --show-toplevel [25ms]
2023-12-11 21:59:29.676 [info] > git rev-parse --show-toplevel [20ms]
2023-12-11 21:59:29.725 [info] > git rev-parse --show-toplevel [17ms]
2023-12-11 21:59:29.751 [info] > git rev-parse --show-toplevel [9ms]
2023-12-11 21:59:29.772 [info] > git rev-parse --show-toplevel [9ms]
2023-12-11 21:59:29.795 [info] > git rev-parse --show-toplevel [8ms]
2023-12-11 21:59:29.817 [info] > git rev-parse --show-toplevel [9ms]
2023-12-11 21:59:29.862 [info] > git rev-parse --show-toplevel [20ms]
2023-12-11 21:59:29.905 [info] > git rev-parse --show-toplevel [19ms]
2023-12-11 21:59:30.423 [info] > git status -z -uall [883ms]
2023-12-11 21:59:31.084 [info] > git check-ignore -v -z --stdin [703ms]
2023-12-11 21:59:31.097 [info] > git config --get commit.template [13ms]
2023-12-11 21:59:31.178 [info] > git for-each-ref --format=%(refname)%00%(upstream:short)%00%(objectname)%00%(upstream:track)%00%(upstream:remotename)%00%(upstream:remoteref) refs/heads/main refs/remotes/main [29ms]
2023-12-11 21:59:31.279 [info] > git status -z -uall [62ms]
2023-12-11 21:59:49.475 [info] > git config --get commit.template [34ms]
2023-12-11 21:59:49.477 [info] > git for-each-ref --format=%(refname)%00%(upstream:short)%00%(objectname)%00%(upstream:track)%00%(upstream:remotename)%00%(upstream:remoteref) refs/heads/main refs/remotes/main [5ms]
2023-12-11 21:59:49.508 [info] > git status -z -uall [20ms]
2023-12-11 21:59:54.592 [info] > git config --get commit.template [3ms]
2023-12-11 21:59:54.609 [info] > git for-each-ref --format=%(refname)%00%(upstream:short)%00%(objectname)%00%(upstream:track)%00%(upstream:remotename)%00%(upstream:remoteref) refs/heads/main refs/remotes/main [4ms]
2023-12-11 21:59:54.643 [info] > git status -z -uall [22ms]
2023-12-11 21:59:59.718 [info] > git config --get commit.template [21ms]
2023-12-11 21:59:59.724 [info] > git for-each-ref --format=%(refname)%00%(upstream:short)%00%(objectname)%00%(upstream:track)%00%(upstream:remotename)%00%(upstream:remoteref) refs/heads/main refs/remotes/main [7ms]
2023-12-11 21:59:59.757 [info] > git status -z -uall [22ms]
2023-12-11 22:00:03.598 [info] > git check-ignore -v -z --stdin [6ms]
2023-12-11 22:00:04.557 [info] > git check-ignore -v -z --stdin [5ms]
2023-12-11 22:00:05.981 [info] > git check-ignore -v -z --stdin [6ms]
2023-12-11 22:00:08.403 [info] > git config --get commit.template [13ms]
2023-12-11 22:00:08.408 [info] > git for-each-ref --format=%(refname)%00%(upstream:short)%00%(objectname)%00%(upstream:track)%00%(upstream:remotename)%00%(upstream:remoteref) refs/heads/main refs/remotes/main [7ms]
2023-12-11 22:00:08.440 [info] > git status -z -uall [22ms]
2023-12-11 22:00:13.492 [info] > git config --get commit.template [12ms]
2023-12-11 22:00:13.496 [info] > git for-each-ref --format=%(refname)%00%(upstream:short)%00%(objectname)%00%(upstream:track)%00%(upstream:remotename)%00%(upstream:remoteref) refs/heads/main refs/remotes/main [4ms]
2023-12-11 22:00:13.521 [info] > git status -z -uall [16ms]
2023-12-11 22:00:19.043 [info] > git config --get commit.template [19ms]
2023-12-11 22:00:19.055 [info] > git for-each-ref --format=%(refname)%00%(upstream:short)%00%(objectname)%00%(upstream:track)%00%(upstream:remotename)%00%(upstream:remoteref) refs/heads/main refs/remotes/main [13ms]
2023-12-11 22:00:19.104 [info] > git status -z -uall [35ms]
2023-12-11 22:00:45.444 [info] > git config --get commit.template [19ms]
2023-12-11 22:00:45.454 [info] > git for-each-ref --format=%(refname)%00%(upstream:short)%00%(objectname)%00%(upstream:track)%00%(upstream:remotename)%00%(upstream:remoteref) refs/heads/main refs/remotes/main [13ms]
2023-12-11 22:00:45.491 [info] > git status -z -uall [27ms]
2023-12-11 22:04:28.605 [info] > git config --get commit.template [41ms]
2023-12-11 22:04:28.606 [info] > git for-each-ref --format=%(refname)%00%(upstream:short)%00%(objectname)%00%(upstream:track)%00%(upstream:remotename)%00%(upstream:remoteref) refs/heads/main refs/remotes/main [22ms]
2023-12-11 22:04:28.634 [info] > git status -z -uall [18ms]
2023-12-11 22:04:33.690 [info] > git config --get commit.template [22ms]
2023-12-11 22:04:33.693 [info] > git for-each-ref --format=%(refname)%00%(upstream:short)%00%(objectname)%00%(upstream:track)%00%(upstream:remotename)%00%(upstream:remoteref) refs/heads/main refs/remotes/main [4ms]
2023-12-11 22:04:33.728 [info] > git status -z -uall [23ms]
2023-12-11 22:04:39.823 [info] > git ls-files --stage -- /opt/lampp/htdocs/DeadPoetsSociety/Dead_Poets_Society/admin.php [78ms]
2023-12-11 22:04:39.840 [info] > git cat-file -s e8ddd8ae3236181b5f0d6fe66946f988ceb6c6cd [3ms]
2023-12-11 22:04:39.935 [info] > git show --textconv :Dead_Poets_Society/admin.php [203ms]
2023-12-11 22:04:41.675 [info] > git config --get commit.template [17ms]
2023-12-11 22:04:41.681 [info] > git for-each-ref --format=%(refname)%00%(upstream:short)%00%(objectname)%00%(upstream:track)%00%(upstream:remotename)%00%(upstream:remoteref) refs/heads/main refs/remotes/main [8ms]
2023-12-11 22:04:41.726 [info] > git status -z -uall [28ms]
2023-12-11 22:04:49.412 [info] > git config --get commit.template [5ms]
2023-12-11 22:04:49.427 [info] > git for-each-ref --format=%(refname)%00%(upstream:short)%00%(objectname)%00%(upstream:track)%00%(upstream:remotename)%00%(upstream:remoteref) refs/heads/main refs/remotes/main [4ms]
2023-12-11 22:04:49.454 [info] > git status -z -uall [17ms]
2023-12-11 22:04:54.499 [info] > git config --get commit.template [5ms]
2023-12-11 22:04:54.515 [info] > git for-each-ref --format=%(refname)%00%(upstream:short)%00%(objectname)%00%(upstream:track)%00%(upstream:remotename)%00%(upstream:remoteref) refs/heads/main refs/remotes/main [7ms]
2023-12-11 22:04:54.546 [info] > git status -z -uall [20ms]
2023-12-11 22:05:00.737 [info] > git config --get commit.template [16ms]
2023-12-11 22:05:00.741 [info] > git for-each-ref --format=%(refname)%00%(upstream:short)%00%(objectname)%00%(upstream:track)%00%(upstream:remotename)%00%(upstream:remoteref) refs/heads/main refs/remotes/main [6ms]
2023-12-11 22:05:00.775 [info] > git status -z -uall [20ms]
2023-12-11 22:05:11.428 [info] > git show --textconv :Dead_Poets_Society/excluir-livro.php [15ms]
2023-12-11 22:05:11.437 [info] > git ls-files --stage -- /opt/lampp/htdocs/DeadPoetsSociety/Dead_Poets_Society/excluir-livro.php [11ms]
2023-12-11 22:05:11.452 [info] > git cat-file -s 6f66769210420059a27b0598a3726c0de02d73a8 [6ms]
2023-12-11 22:05:12.882 [info] > git config --get commit.template [3ms]
2023-12-11 22:05:12.900 [info] > git for-each-ref --format=%(refname)%00%(upstream:short)%00%(objectname)%00%(upstream:track)%00%(upstream:remotename)%00%(upstream:remoteref) refs/heads/main refs/remotes/main [4ms]
2023-12-11 22:05:12.934 [info] > git status -z -uall [19ms]
2023-12-11 22:05:19.319 [info] > git config --get commit.template [12ms]
2023-12-11 22:05:19.321 [info] > git for-each-ref --format=%(refname)%00%(upstream:short)%00%(objectname)%00%(upstream:track)%00%(upstream:remotename)%00%(upstream:remoteref) refs/heads/main refs/remotes/main [4ms]
2023-12-11 22:05:19.348 [info] > git status -z -uall [16ms]
2023-12-11 22:05:24.591 [info] > git config --get commit.template [3ms]
2023-12-11 22:05:24.605 [info] > git for-each-ref --format=%(refname)%00%(upstream:short)%00%(objectname)%00%(upstream:track)%00%(upstream:remotename)%00%(upstream:remoteref) refs/heads/main refs/remotes/main [4ms]
2023-12-11 22:05:24.632 [info] > git status -z -uall [17ms]
2023-12-11 22:05:30.183 [info] > git config --get commit.template [13ms]
2023-12-11 22:05:30.185 [info] > git for-each-ref --format=%(refname)%00%(upstream:short)%00%(objectname)%00%(upstream:track)%00%(upstream:remotename)%00%(upstream:remoteref) refs/heads/main refs/remotes/main [4ms]
2023-12-11 22:05:30.214 [info] > git status -z -uall [18ms]
2023-12-11 22:05:53.597 [info] > git config --get commit.template [3ms]
2023-12-11 22:05:53.612 [info] > git for-each-ref --format=%(refname)%00%(upstream:short)%00%(objectname)%00%(upstream:track)%00%(upstream:remotename)%00%(upstream:remoteref) refs/heads/main refs/remotes/main [6ms]
2023-12-11 22:05:53.637 [info] > git status -z -uall [16ms]
2023-12-11 22:05:58.757 [info] > git config --get commit.template [61ms]
2023-12-11 22:05:58.780 [info] > git for-each-ref --format=%(refname)%00%(upstream:short)%00%(objectname)%00%(upstream:track)%00%(upstream:remotename)%00%(upstream:remoteref) refs/heads/main refs/remotes/main [25ms]
2023-12-11 22:05:58.870 [info] > git status -z -uall [58ms]
2023-12-11 22:06:16.497 [info] > git config --get commit.template [21ms]
2023-12-11 22:06:16.512 [info] > git for-each-ref --format=%(refname)%00%(upstream:short)%00%(objectname)%00%(upstream:track)%00%(upstream:remotename)%00%(upstream:remoteref) refs/heads/main refs/remotes/main [16ms]
2023-12-11 22:06:16.564 [info] > git status -z -uall [32ms]
2023-12-11 22:06:21.635 [info] > git config --get commit.template [12ms]
2023-12-11 22:06:21.639 [info] > git for-each-ref --format=%(refname)%00%(upstream:short)%00%(objectname)%00%(upstream:track)%00%(upstream:remotename)%00%(upstream:remoteref) refs/heads/main refs/remotes/main [5ms]
2023-12-11 22:06:21.665 [info] > git status -z -uall [16ms]
2023-12-11 22:07:22.724 [info] > git config --get commit.template [45ms]
2023-12-11 22:07:22.735 [info] > git for-each-ref --format=%(refname)%00%(upstream:short)%00%(objectname)%00%(upstream:track)%00%(upstream:remotename)%00%(upstream:remoteref) refs/heads/main refs/remotes/main [14ms]
2023-12-11 22:07:22.777 [info] > git status -z -uall [29ms]
2023-12-11 22:07:30.109 [info] > git config --get commit.template [17ms]
2023-12-11 22:07:30.112 [info] > git for-each-ref --format=%(refname)%00%(upstream:short)%00%(objectname)%00%(upstream:track)%00%(upstream:remotename)%00%(upstream:remoteref) refs/heads/main refs/remotes/main [4ms]
2023-12-11 22:07:30.147 [info] > git status -z -uall [22ms]
2023-12-11 22:07:35.185 [info] > git show --textconv :Dead_Poets_Society/admin.php [30ms]
2023-12-11 22:07:35.189 [info] > git ls-files --stage -- /opt/lampp/htdocs/DeadPoetsSociety/Dead_Poets_Society/admin.php [5ms]
2023-12-11 22:07:35.211 [info] > git cat-file -s e8ddd8ae3236181b5f0d6fe66946f988ceb6c6cd [3ms]
2023-12-11 22:07:45.045 [info] > git config --get commit.template [15ms]
2023-12-11 22:07:45.047 [info] > git for-each-ref --format=%(refname)%00%(upstream:short)%00%(objectname)%00%(upstream:track)%00%(upstream:remotename)%00%(upstream:remoteref) refs/heads/main refs/remotes/main [3ms]
2023-12-11 22:07:45.076 [info] > git status -z -uall [18ms]
2023-12-11 22:07:46.209 [info] > git show --textconv :Dead_Poets_Society/editar-livro.php [17ms]
2023-12-11 22:07:46.214 [info] > git ls-files --stage -- /opt/lampp/htdocs/DeadPoetsSociety/Dead_Poets_Society/editar-livro.php [6ms]
2023-12-11 22:07:46.232 [info] > git cat-file -s 299114685e0978a8ead57a74ce62eec710008837 [6ms]
2023-12-11 22:07:50.115 [info] > git config --get commit.template [3ms]
2023-12-11 22:07:50.132 [info] > git for-each-ref --format=%(refname)%00%(upstream:short)%00%(objectname)%00%(upstream:track)%00%(upstream:remotename)%00%(upstream:remoteref) refs/heads/main refs/remotes/main [5ms]
2023-12-11 22:07:50.166 [info] > git status -z -uall [19ms]
2023-12-11 22:07:54.414 [info] > git show --textconv :Dead_Poets_Society/processar-editar-livro.php [15ms]
2023-12-11 22:07:54.424 [info] > git ls-files --stage -- /opt/lampp/htdocs/DeadPoetsSociety/Dead_Poets_Society/processar-editar-livro.php [11ms]
2023-12-11 22:07:54.441 [info] > git cat-file -s 6c1e94c5dbcddea1a2509eec45c82716c865257f [3ms]
2023-12-11 22:07:59.441 [info] > git config --get commit.template [2ms]
2023-12-11 22:07:59.457 [info] > git for-each-ref --format=%(refname)%00%(upstream:short)%00%(objectname)%00%(upstream:track)%00%(upstream:remotename)%00%(upstream:remoteref) refs/heads/main refs/remotes/main [4ms]
2023-12-11 22:07:59.486 [info] > git status -z -uall [17ms]
2023-12-11 22:08:18.062 [info] > git config --get commit.template [35ms]
2023-12-11 22:08:18.065 [info] > git for-each-ref --format=%(refname)%00%(upstream:short)%00%(objectname)%00%(upstream:track)%00%(upstream:remotename)%00%(upstream:remoteref) refs/heads/main refs/remotes/main [6ms]
2023-12-11 22:08:18.119 [info] > git status -z -uall [25ms]
2023-12-11 22:08:21.261 [info] > git show --textconv :Dead_Poets_Society/excluir-livro.php [15ms]
2023-12-11 22:08:21.268 [info] > git ls-files --stage -- /opt/lampp/htdocs/DeadPoetsSociety/Dead_Poets_Society/excluir-livro.php [9ms]
2023-12-11 22:08:21.296 [info] > git cat-file -s 6f66769210420059a27b0598a3726c0de02d73a8 [17ms]
2023-12-11 22:08:30.408 [info] > git config --get commit.template [15ms]
2023-12-11 22:08:30.410 [info] > git for-each-ref --format=%(refname)%00%(upstream:short)%00%(objectname)%00%(upstream:track)%00%(upstream:remotename)%00%(upstream:remoteref) refs/heads/main refs/remotes/main [4ms]
2023-12-11 22:08:30.438 [info] > git status -z -uall [16ms]
2023-12-11 22:08:35.516 [info] > git config --get commit.template [13ms]
2023-12-11 22:08:35.552 [info] > git for-each-ref --format=%(refname)%00%(upstream:short)%00%(objectname)%00%(upstream:track)%00%(upstream:remotename)%00%(upstream:remoteref) refs/heads/main refs/remotes/main [19ms]
2023-12-11 22:08:35.592 [info] > git status -z -uall [20ms]
2023-12-11 22:08:40.625 [info] > git config --get commit.template [4ms]
2023-12-11 22:08:40.646 [info] > git for-each-ref --format=%(refname)%00%(upstream:short)%00%(objectname)%00%(upstream:track)%00%(upstream:remotename)%00%(upstream:remoteref) refs/heads/main refs/remotes/main [9ms]
2023-12-11 22:08:40.677 [info] > git status -z -uall [21ms]
2023-12-11 22:08:45.732 [info] > git config --get commit.template [3ms]
2023-12-11 22:08:45.744 [info] > git for-each-ref --format=%(refname)%00%(upstream:short)%00%(objectname)%00%(upstream:track)%00%(upstream:remotename)%00%(upstream:remoteref) refs/heads/main refs/remotes/main [3ms]
2023-12-11 22:08:45.774 [info] > git status -z -uall [21ms]
2023-12-11 22:08:50.817 [info] > git config --get commit.template [4ms]
2023-12-11 22:08:50.834 [info] > git for-each-ref --format=%(refname)%00%(upstream:short)%00%(objectname)%00%(upstream:track)%00%(upstream:remotename)%00%(upstream:remoteref) refs/heads/main refs/remotes/main [5ms]
2023-12-11 22:08:50.864 [info] > git status -z -uall [19ms]
2023-12-11 22:08:55.901 [info] > git config --get commit.template [4ms]
2023-12-11 22:08:55.922 [info] > git for-each-ref --format=%(refname)%00%(upstream:short)%00%(objectname)%00%(upstream:track)%00%(upstream:remotename)%00%(upstream:remoteref) refs/heads/main refs/remotes/main [7ms]
2023-12-11 22:08:55.955 [info] > git status -z -uall [21ms]
2023-12-11 22:09:01.015 [info] > git config --get commit.template [17ms]
2023-12-11 22:09:01.017 [info] > git for-each-ref --format=%(refname)%00%(upstream:short)%00%(objectname)%00%(upstream:track)%00%(upstream:remotename)%00%(upstream:remoteref) refs/heads/main refs/remotes/main [4ms]
2023-12-11 22:09:01.046 [info] > git status -z -uall [18ms]
2023-12-11 22:09:06.105 [info] > git config --get commit.template [21ms]
2023-12-11 22:09:06.106 [info] > git for-each-ref --format=%(refname)%00%(upstream:short)%00%(objectname)%00%(upstream:track)%00%(upstream:remotename)%00%(upstream:remoteref) refs/heads/main refs/remotes/main [3ms]
2023-12-11 22:09:06.133 [info] > git status -z -uall [17ms]
2023-12-11 22:09:14.872 [info] > git config --get commit.template [15ms]
2023-12-11 22:09:14.877 [info] > git for-each-ref --format=%(refname)%00%(upstream:short)%00%(objectname)%00%(upstream:track)%00%(upstream:remotename)%00%(upstream:remoteref) refs/heads/main refs/remotes/main [7ms]
2023-12-11 22:09:14.907 [info] > git status -z -uall [20ms]
2023-12-11 22:09:23.184 [info] > git config --get commit.template [3ms]
2023-12-11 22:09:23.203 [info] > git for-each-ref --format=%(refname)%00%(upstream:short)%00%(objectname)%00%(upstream:track)%00%(upstream:remotename)%00%(upstream:remoteref) refs/heads/main refs/remotes/main [4ms]
2023-12-11 22:09:23.233 [info] > git status -z -uall [18ms]
2023-12-11 22:09:28.293 [info] > git config --get commit.template [17ms]
2023-12-11 22:09:28.296 [info] > git for-each-ref --format=%(refname)%00%(upstream:short)%00%(objectname)%00%(upstream:track)%00%(upstream:remotename)%00%(upstream:remoteref) refs/heads/main refs/remotes/main [5ms]
2023-12-11 22:09:28.330 [info] > git status -z -uall [21ms]
2023-12-11 22:09:36.881 [info] > git config --get commit.template [25ms]
2023-12-11 22:09:36.891 [info] > git for-each-ref --format=%(refname)%00%(upstream:short)%00%(objectname)%00%(upstream:track)%00%(upstream:remotename)%00%(upstream:remoteref) refs/heads/main refs/remotes/main [14ms]
2023-12-11 22:09:36.958 [info] > git status -z -uall [35ms]
2023-12-11 22:09:42.732 [info] > git config --get commit.template [16ms]
2023-12-11 22:09:42.735 [info] > git for-each-ref --format=%(refname)%00%(upstream:short)%00%(objectname)%00%(upstream:track)%00%(upstream:remotename)%00%(upstream:remoteref) refs/heads/main refs/remotes/main [5ms]
2023-12-11 22:09:42.768 [info] > git status -z -uall [20ms]
2023-12-11 22:09:47.819 [info] > git config --get commit.template [16ms]
2023-12-11 22:09:47.822 [info] > git for-each-ref --format=%(refname)%00%(upstream:short)%00%(objectname)%00%(upstream:track)%00%(upstream:remotename)%00%(upstream:remoteref) refs/heads/main refs/remotes/main [4ms]
2023-12-11 22:09:47.852 [info] > git status -z -uall [17ms]
2023-12-11 22:09:52.891 [info] > git config --get commit.template [5ms]
2023-12-11 22:09:52.909 [info] > git for-each-ref --format=%(refname)%00%(upstream:short)%00%(objectname)%00%(upstream:track)%00%(upstream:remotename)%00%(upstream:remoteref) refs/heads/main refs/remotes/main [4ms]
2023-12-11 22:09:52.938 [info] > git status -z -uall [17ms]
2023-12-11 22:10:02.137 [info] > git config --get commit.template [5ms]
2023-12-11 22:10:02.152 [info] > git for-each-ref --format=%(refname)%00%(upstream:short)%00%(objectname)%00%(upstream:track)%00%(upstream:remotename)%00%(upstream:remoteref) refs/heads/main refs/remotes/main [5ms]
2023-12-11 22:10:02.182 [info] > git status -z -uall [20ms]
2023-12-11 22:10:41.733 [info] > git config --get commit.template [15ms]
2023-12-11 22:10:41.738 [info] > git for-each-ref --format=%(refname)%00%(upstream:short)%00%(objectname)%00%(upstream:track)%00%(upstream:remotename)%00%(upstream:remoteref) refs/heads/main refs/remotes/main [7ms]
2023-12-11 22:10:41.775 [info] > git status -z -uall [21ms]
2023-12-11 22:10:46.832 [info] > git config --get commit.template [16ms]
2023-12-11 22:10:46.835 [info] > git for-each-ref --format=%(refname)%00%(upstream:short)%00%(objectname)%00%(upstream:track)%00%(upstream:remotename)%00%(upstream:remoteref) refs/heads/main refs/remotes/main [4ms]
2023-12-11 22:10:46.867 [info] > git status -z -uall [19ms]
2023-12-11 22:10:52.802 [info] > git config --get commit.template [14ms]
2023-12-11 22:10:52.807 [info] > git for-each-ref --format=%(refname)%00%(upstream:short)%00%(objectname)%00%(upstream:track)%00%(upstream:remotename)%00%(upstream:remoteref) refs/heads/main refs/remotes/main [6ms]
2023-12-11 22:10:52.842 [info] > git status -z -uall [20ms]
2023-12-11 22:10:58.993 [info] > git config --get commit.template [24ms]
2023-12-11 22:10:58.998 [info] > git for-each-ref --format=%(refname)%00%(upstream:short)%00%(objectname)%00%(upstream:track)%00%(upstream:remotename)%00%(upstream:remoteref) refs/heads/main refs/remotes/main [7ms]
2023-12-11 22:10:59.026 [info] > git status -z -uall [18ms]
2023-12-11 22:11:06.996 [info] > git config --get commit.template [48ms]
2023-12-11 22:11:07.013 [info] > git for-each-ref --format=%(refname)%00%(upstream:short)%00%(objectname)%00%(upstream:track)%00%(upstream:remotename)%00%(upstream:remoteref) refs/heads/main refs/remotes/main [18ms]
2023-12-11 22:11:07.078 [info] > git status -z -uall [44ms]
2023-12-11 22:12:20.960 [info] > git config --get commit.template [3ms]
2023-12-11 22:12:20.985 [info] > git for-each-ref --format=%(refname)%00%(upstream:short)%00%(objectname)%00%(upstream:track)%00%(upstream:remotename)%00%(upstream:remoteref) refs/heads/main refs/remotes/main [8ms]
2023-12-11 22:12:21.020 [info] > git status -z -uall [23ms]
2023-12-11 22:13:47.063 [info] > git config --get commit.template [34ms]
2023-12-11 22:13:47.068 [info] > git for-each-ref --format=%(refname)%00%(upstream:short)%00%(objectname)%00%(upstream:track)%00%(upstream:remotename)%00%(upstream:remoteref) refs/heads/main refs/remotes/main [7ms]
2023-12-11 22:13:47.111 [info] > git status -z -uall [28ms]
2023-12-11 22:13:52.162 [info] > git config --get commit.template [3ms]
2023-12-11 22:13:52.180 [info] > git for-each-ref --format=%(refname)%00%(upstream:short)%00%(objectname)%00%(upstream:track)%00%(upstream:remotename)%00%(upstream:remoteref) refs/heads/main refs/remotes/main [5ms]
2023-12-11 22:13:52.209 [info] > git status -z -uall [16ms]
2023-12-11 22:13:57.255 [info] > git config --get commit.template [17ms]
2023-12-11 22:13:57.258 [info] > git for-each-ref --format=%(refname)%00%(upstream:short)%00%(objectname)%00%(upstream:track)%00%(upstream:remotename)%00%(upstream:remoteref) refs/heads/main refs/remotes/main [6ms]
2023-12-11 22:13:57.291 [info] > git status -z -uall [20ms]
2023-12-11 22:14:02.340 [info] > git config --get commit.template [13ms]
2023-12-11 22:14:02.345 [info] > git for-each-ref --format=%(refname)%00%(upstream:short)%00%(objectname)%00%(upstream:track)%00%(upstream:remotename)%00%(upstream:remoteref) refs/heads/main refs/remotes/main [7ms]
2023-12-11 22:14:02.371 [info] > git status -z -uall [13ms]
2023-12-11 22:14:51.253 [info] > git config --get commit.template [4ms]
2023-12-11 22:14:51.302 [info] > git for-each-ref --format=%(refname)%00%(upstream:short)%00%(objectname)%00%(upstream:track)%00%(upstream:remotename)%00%(upstream:remoteref) refs/heads/main refs/remotes/main [6ms]
2023-12-11 22:14:51.344 [info] > git status -z -uall [26ms]
2023-12-11 22:14:55.039 [info] > git show --textconv :Dead_Poets_Society/processar-editar-livro.php [21ms]
2023-12-11 22:14:55.043 [info] > git ls-files --stage -- /opt/lampp/htdocs/DeadPoetsSociety/Dead_Poets_Society/processar-editar-livro.php [6ms]
2023-12-11 22:14:55.065 [info] > git cat-file -s 6c1e94c5dbcddea1a2509eec45c82716c865257f [8ms]
2023-12-11 22:14:56.392 [info] > git config --get commit.template [16ms]
2023-12-11 22:14:56.395 [info] > git for-each-ref --format=%(refname)%00%(upstream:short)%00%(objectname)%00%(upstream:track)%00%(upstream:remotename)%00%(upstream:remoteref) refs/heads/main refs/remotes/main [4ms]
2023-12-11 22:14:56.424 [info] > git status -z -uall [19ms]
2023-12-11 22:14:57.342 [info] > git show --textconv :Dead_Poets_Society/excluir-livro.php [18ms]
2023-12-11 22:14:57.350 [info] > git ls-files --stage -- /opt/lampp/htdocs/DeadPoetsSociety/Dead_Poets_Society/excluir-livro.php [9ms]
2023-12-11 22:14:57.368 [info] > git cat-file -s 6f66769210420059a27b0598a3726c0de02d73a8 [8ms]
2023-12-11 22:15:01.489 [info] > git for-each-ref --format=%(refname)%00%(upstream:short)%00%(objectname)%00%(upstream:track)%00%(upstream:remotename)%00%(upstream:remoteref) refs/heads/main refs/remotes/main [2ms]
2023-12-11 22:15:01.491 [info] > git config --get commit.template [23ms]
2023-12-11 22:15:01.521 [info] > git status -z -uall [17ms]
2023-12-11 22:15:11.943 [info] > git config --get commit.template [21ms]
2023-12-11 22:15:11.956 [info] > git for-each-ref --format=%(refname)%00%(upstream:short)%00%(objectname)%00%(upstream:track)%00%(upstream:remotename)%00%(upstream:remoteref) refs/heads/main refs/remotes/main [16ms]
2023-12-11 22:15:12.001 [info] > git status -z -uall [22ms]
2023-12-11 22:15:17.032 [info] > git config --get commit.template [3ms]
2023-12-11 22:15:17.048 [info] > git for-each-ref --format=%(refname)%00%(upstream:short)%00%(objectname)%00%(upstream:track)%00%(upstream:remotename)%00%(upstream:remoteref) refs/heads/main refs/remotes/main [4ms]
2023-12-11 22:15:17.079 [info] > git status -z -uall [19ms]
2023-12-11 22:15:22.125 [info] > git config --get commit.template [15ms]
2023-12-11 22:15:22.131 [info] > git for-each-ref --format=%(refname)%00%(upstream:short)%00%(objectname)%00%(upstream:track)%00%(upstream:remotename)%00%(upstream:remoteref) refs/heads/main refs/remotes/main [8ms]
2023-12-11 22:15:22.164 [info] > git status -z -uall [18ms]
2023-12-11 22:15:27.217 [info] > git config --get commit.template [17ms]
2023-12-11 22:15:27.223 [info] > git for-each-ref --format=%(refname)%00%(upstream:short)%00%(objectname)%00%(upstream:track)%00%(upstream:remotename)%00%(upstream:remoteref) refs/heads/main refs/remotes/main [9ms]
2023-12-11 22:15:27.254 [info] > git status -z -uall [20ms]
2023-12-11 22:15:32.302 [info] > git config --get commit.template [15ms]
2023-12-11 22:15:32.304 [info] > git for-each-ref --format=%(refname)%00%(upstream:short)%00%(objectname)%00%(upstream:track)%00%(upstream:remotename)%00%(upstream:remoteref) refs/heads/main refs/remotes/main [4ms]
2023-12-11 22:15:32.341 [info] > git status -z -uall [18ms]
2023-12-11 22:15:37.391 [info] > git config --get commit.template [17ms]
2023-12-11 22:15:37.394 [info] > git for-each-ref --format=%(refname)%00%(upstream:short)%00%(objectname)%00%(upstream:track)%00%(upstream:remotename)%00%(upstream:remoteref) refs/heads/main refs/remotes/main [4ms]
2023-12-11 22:15:37.426 [info] > git status -z -uall [19ms]
2023-12-11 22:15:46.737 [info] > git config --get commit.template [5ms]
2023-12-11 22:15:46.750 [info] > git for-each-ref --format=%(refname)%00%(upstream:short)%00%(objectname)%00%(upstream:track)%00%(upstream:remotename)%00%(upstream:remoteref) refs/heads/main refs/remotes/main [4ms]
2023-12-11 22:15:46.779 [info] > git status -z -uall [18ms]
2023-12-11 22:16:06.810 [info] > git config --get commit.template [3ms]
2023-12-11 22:16:06.848 [info] > git for-each-ref --format=%(refname)%00%(upstream:short)%00%(objectname)%00%(upstream:track)%00%(upstream:remotename)%00%(upstream:remoteref) refs/heads/main refs/remotes/main [21ms]
2023-12-11 22:16:06.882 [info] > git status -z -uall [20ms]
2023-12-11 22:16:11.953 [info] > git config --get commit.template [16ms]
2023-12-11 22:16:11.956 [info] > git for-each-ref --format=%(refname)%00%(upstream:short)%00%(objectname)%00%(upstream:track)%00%(upstream:remotename)%00%(upstream:remoteref) refs/heads/main refs/remotes/main [5ms]
2023-12-11 22:16:11.989 [info] > git status -z -uall [19ms]
2023-12-11 22:16:18.514 [info] > git config --get commit.template [18ms]
2023-12-11 22:16:18.520 [info] > git for-each-ref --format=%(refname)%00%(upstream:short)%00%(objectname)%00%(upstream:track)%00%(upstream:remotename)%00%(upstream:remoteref) refs/heads/main refs/remotes/main [7ms]
2023-12-11 22:16:18.552 [info] > git status -z -uall [20ms]
2023-12-11 22:16:23.604 [info] > git config --get commit.template [15ms]
2023-12-11 22:16:23.607 [info] > git for-each-ref --format=%(refname)%00%(upstream:short)%00%(objectname)%00%(upstream:track)%00%(upstream:remotename)%00%(upstream:remoteref) refs/heads/main refs/remotes/main [4ms]
2023-12-11 22:16:23.634 [info] > git status -z -uall [17ms]
2023-12-11 22:16:29.060 [info] > git config --get commit.template [27ms]
2023-12-11 22:16:29.065 [info] > git for-each-ref --format=%(refname)%00%(upstream:short)%00%(objectname)%00%(upstream:track)%00%(upstream:remotename)%00%(upstream:remoteref) refs/heads/main refs/remotes/main [7ms]
2023-12-11 22:16:29.117 [info] > git status -z -uall [32ms]
2023-12-11 22:16:34.221 [info] > git config --get commit.template [46ms]
2023-12-11 22:16:34.236 [info] > git for-each-ref --format=%(refname)%00%(upstream:short)%00%(objectname)%00%(upstream:track)%00%(upstream:remotename)%00%(upstream:remoteref) refs/heads/main refs/remotes/main [16ms]
2023-12-11 22:16:34.318 [info] > git status -z -uall [62ms]
2023-12-11 22:16:39.456 [info] > git config --get commit.template [17ms]
2023-12-11 22:16:39.459 [info] > git for-each-ref --format=%(refname)%00%(upstream:short)%00%(objectname)%00%(upstream:track)%00%(upstream:remotename)%00%(upstream:remoteref) refs/heads/main refs/remotes/main [4ms]
2023-12-11 22:16:39.490 [info] > git status -z -uall [18ms]
2023-12-11 22:17:04.135 [info] > git config --get commit.template [32ms]
2023-12-11 22:17:04.138 [info] > git for-each-ref --format=%(refname)%00%(upstream:short)%00%(objectname)%00%(upstream:track)%00%(upstream:remotename)%00%(upstream:remoteref) refs/heads/main refs/remotes/main [6ms]
2023-12-11 22:17:04.189 [info] > git status -z -uall [22ms]
2023-12-11 22:17:52.074 [info] > git config --get commit.template [34ms]
2023-12-11 22:17:52.093 [info] > git for-each-ref --format=%(refname)%00%(upstream:short)%00%(objectname)%00%(upstream:track)%00%(upstream:remotename)%00%(upstream:remoteref) refs/heads/main refs/remotes/main [22ms]
2023-12-11 22:17:52.177 [info] > git status -z -uall [58ms]
2023-12-11 22:18:15.403 [info] > git config --get commit.template [51ms]
2023-12-11 22:18:15.410 [info] > git for-each-ref --format=%(refname)%00%(upstream:short)%00%(objectname)%00%(upstream:track)%00%(upstream:remotename)%00%(upstream:remoteref) refs/heads/main refs/remotes/main [14ms]
2023-12-11 22:18:15.452 [info] > git status -z -uall [26ms]
2023-12-11 22:19:29.923 [info] > git config --get commit.template [54ms]
2023-12-11 22:19:29.941 [info] > git for-each-ref --format=%(refname)%00%(upstream:short)%00%(objectname)%00%(upstream:track)%00%(upstream:remotename)%00%(upstream:remoteref) refs/heads/main refs/remotes/main [29ms]
2023-12-11 22:19:29.997 [info] > git status -z -uall [38ms]
2023-12-11 22:19:51.256 [info] > git config --get commit.template [32ms]
2023-12-11 22:19:51.266 [info] > git for-each-ref --format=%(refname)%00%(upstream:short)%00%(objectname)%00%(upstream:track)%00%(upstream:remotename)%00%(upstream:remoteref) refs/heads/main refs/remotes/main [13ms]
2023-12-11 22:19:51.341 [info] > git status -z -uall [50ms]
2023-12-11 22:19:56.407 [info] > git config --get commit.template [18ms]
2023-12-11 22:19:56.407 [info] > git for-each-ref --format=%(refname)%00%(upstream:short)%00%(objectname)%00%(upstream:track)%00%(upstream:remotename)%00%(upstream:remoteref) refs/heads/main refs/remotes/main [2ms]
2023-12-11 22:19:56.438 [info] > git status -z -uall [20ms]
2023-12-11 22:20:38.890 [info] > git config --get commit.template [15ms]
2023-12-11 22:20:38.897 [info] > git for-each-ref --format=%(refname)%00%(upstream:short)%00%(objectname)%00%(upstream:track)%00%(upstream:remotename)%00%(upstream:remoteref) refs/heads/main refs/remotes/main [9ms]
2023-12-11 22:20:38.934 [info] > git status -z -uall [25ms]
2023-12-11 22:20:45.668 [info] > git config --get commit.template [20ms]
2023-12-11 22:20:45.674 [info] > git for-each-ref --format=%(refname)%00%(upstream:short)%00%(objectname)%00%(upstream:track)%00%(upstream:remotename)%00%(upstream:remoteref) refs/heads/main refs/remotes/main [6ms]
2023-12-11 22:20:45.717 [info] > git status -z -uall [27ms]
2023-12-11 22:20:50.803 [info] > git config --get commit.template [17ms]
2023-12-11 22:20:50.806 [info] > git for-each-ref --format=%(refname)%00%(upstream:short)%00%(objectname)%00%(upstream:track)%00%(upstream:remotename)%00%(upstream:remoteref) refs/heads/main refs/remotes/main [5ms]
2023-12-11 22:20:50.839 [info] > git status -z -uall [20ms]
